0 verbose cli C:\Program Files\nodejs\node.exe C:\Users\rab1234\AppData\Roaming\npm\node_modules\npm\bin\npm-cli.js
1 info using npm@10.9.0
2 info using node@v20.18.0
3 silly config load:file:C:\Users\rab1234\AppData\Roaming\npm\node_modules\npm\npmrc
4 silly config load:file:C:\Users\rab1234\.npmrc
5 silly config load:file:C:\Users\rab1234\AppData\Roaming\npm\etc\npmrc
6 verbose title npm install npm@4.0.0
7 verbose argv "install" "--global" "npm@4.0.0"
8 verbose logfile logs-max:10 dir:C:\Users\rab1234\AppData\Local\npm-cache\_logs\2024-10-12T12_22_01_692Z-
9 verbose logfile C:\Users\rab1234\AppData\Local\npm-cache\_logs\2024-10-12T12_22_01_692Z-debug-0.log
10 silly logfile done cleaning log files
11 http fetch GET 200 https://registry.npmjs.org/npm 618ms (cache revalidated)
12 silly packumentCache heap:2197815296 maxSize:549453824 maxEntrySize:274726912
13 silly idealTree buildDeps
14 silly fetch manifest npm@4.0.0
15 silly packumentCache full:https://registry.npmjs.org/npm cache-miss
16 http fetch GET 200 https://registry.npmjs.org/npm 401ms (cache revalidated)
17 silly packumentCache full:https://registry.npmjs.org/npm set size:22153539 disposed:false
18 silly placeDep ROOT npm@4.0.0 OK for:  want: 4.0.0
19 silly reify mark retired [
19 silly reify   'C:\\Users\\rab1234\\AppData\\Roaming\\npm\\node_modules\\npm',
19 silly reify   'C:\\Users\\rab1234\\AppData\\Roaming\\npm\\npm',
19 silly reify   'C:\\Users\\rab1234\\AppData\\Roaming\\npm\\npm.cmd',
19 silly reify   'C:\\Users\\rab1234\\AppData\\Roaming\\npm\\npm.ps1',
19 silly reify   'C:\\Users\\rab1234\\AppData\\Roaming\\npm\\npx',
19 silly reify   'C:\\Users\\rab1234\\AppData\\Roaming\\npm\\npx.cmd',
19 silly reify   'C:\\Users\\rab1234\\AppData\\Roaming\\npm\\npx.ps1'
19 silly reify ]
20 silly reify moves {
20 silly reify   'C:\\Users\\rab1234\\AppData\\Roaming\\npm\\node_modules\\npm': 'C:\\Users\\rab1234\\AppData\\Roaming\\npm\\node_modules\\.npm-KHjYbvsO',
20 silly reify   'C:\\Users\\rab1234\\AppData\\Roaming\\npm\\npm': 'C:\\Users\\rab1234\\AppData\\Roaming\\npm\\.npm-gbr6MaYM',
20 silly reify   'C:\\Users\\rab1234\\AppData\\Roaming\\npm\\npm.cmd': 'C:\\Users\\rab1234\\AppData\\Roaming\\npm\\.npm.cmd-ve0VTush',
20 silly reify   'C:\\Users\\rab1234\\AppData\\Roaming\\npm\\npm.ps1': 'C:\\Users\\rab1234\\AppData\\Roaming\\npm\\.npm.ps1-7Kbw6ZPS',
20 silly reify   'C:\\Users\\rab1234\\AppData\\Roaming\\npm\\npx': 'C:\\Users\\rab1234\\AppData\\Roaming\\npm\\.npx-h1egrcdi',
20 silly reify   'C:\\Users\\rab1234\\AppData\\Roaming\\npm\\npx.cmd': 'C:\\Users\\rab1234\\AppData\\Roaming\\npm\\.npx.cmd-u3Ky3UMt',
20 silly reify   'C:\\Users\\rab1234\\AppData\\Roaming\\npm\\npx.ps1': 'C:\\Users\\rab1234\\AppData\\Roaming\\npm\\.npx.ps1-OW8YBxuN'
20 silly reify }
21 silly tarball no local data for npm@https://registry.npmjs.org/npm/-/npm-4.0.0.tgz. Extracting by manifest.
22 http fetch GET 200 https://registry.npmjs.org/npm/-/npm-4.0.0.tgz 27517ms (cache miss)
23 silly CHANGE node_modules/npm
24 silly REMOVE node_modules/npm/node_modules/@pkgjs/parseargs
25 silly REMOVE node_modules/npm/node_modules/@tufjs/models
26 silly REMOVE node_modules/npm/node_modules/@tufjs/canonical-json
27 silly REMOVE node_modules/npm/node_modules/@sigstore/verify
28 silly REMOVE node_modules/npm/node_modules/@sigstore/tuf
29 silly REMOVE node_modules/npm/node_modules/@isaacs/cliui
30 silly REMOVE node_modules/npm/node_modules/@isaacs/cliui/node_modules/emoji-regex
31 silly REMOVE node_modules/npm/node_modules/@isaacs/cliui/node_modules/ansi-regex
32 silly REMOVE node_modules/npm/node_modules/@isaacs/cliui/node_modules/string-width
33 silly REMOVE node_modules/npm/node_modules/@isaacs/cliui/node_modules/strip-ansi
34 silly REMOVE node_modules/npm/node_modules/@sigstore/sign
35 silly REMOVE node_modules/npm/node_modules/@sigstore/sign/node_modules/@npmcli/fs
36 silly REMOVE node_modules/npm/node_modules/@sigstore/sign/node_modules/@npmcli/agent
37 silly REMOVE node_modules/npm/node_modules/@sigstore/sign/node_modules/unique-slug
38 silly REMOVE node_modules/npm/node_modules/@sigstore/sign/node_modules/unique-filename
39 silly REMOVE node_modules/npm/node_modules/@sigstore/sign/node_modules/ssri
40 silly REMOVE node_modules/npm/node_modules/@sigstore/sign/node_modules/proc-log
41 silly REMOVE node_modules/npm/node_modules/@sigstore/sign/node_modules/minipass-fetch
42 silly REMOVE node_modules/npm/node_modules/@sigstore/sign/node_modules/make-fetch-happen
43 silly REMOVE node_modules/npm/node_modules/@sigstore/sign/node_modules/cacache
44 silly REMOVE node_modules/npm/node_modules/@sigstore/protobuf-specs
45 silly REMOVE node_modules/npm/node_modules/@sigstore/core
46 silly REMOVE node_modules/npm/node_modules/@sigstore/bundle
47 silly REMOVE node_modules/npm/node_modules/@npmcli/run-script
48 silly REMOVE node_modules/npm/node_modules/@npmcli/redact
49 silly REMOVE node_modules/npm/node_modules/@npmcli/query
50 silly REMOVE node_modules/npm/node_modules/@npmcli/promise-spawn
51 silly REMOVE node_modules/npm/node_modules/@npmcli/package-json
52 silly REMOVE node_modules/npm/node_modules/@npmcli/name-from-folder
53 silly REMOVE node_modules/npm/node_modules/@npmcli/node-gyp
54 silly REMOVE node_modules/npm/node_modules/@npmcli/metavuln-calculator
55 silly REMOVE node_modules/npm/node_modules/@npmcli/installed-package-contents
56 silly REMOVE node_modules/npm/node_modules/@npmcli/map-workspaces
57 silly REMOVE node_modules/npm/node_modules/@npmcli/git
58 silly REMOVE node_modules/npm/node_modules/@npmcli/fs
59 silly REMOVE node_modules/npm/node_modules/@npmcli/arborist
60 silly REMOVE node_modules/npm/node_modules/@isaacs/fs-minipass
61 silly REMOVE node_modules/npm/node_modules/@npmcli/config
62 silly REMOVE node_modules/npm/node_modules/@npmcli/agent
63 silly CHANGE node_modules/npm/node_modules/validate-npm-package-license
64 silly CHANGE node_modules/npm/node_modules/validate-npm-package-license/node_modules/spdx-expression-parse
65 silly REMOVE node_modules/npm/node_modules/@isaacs/string-locale-compare
66 silly REMOVE node_modules/npm/node_modules/wrap-ansi-cjs
67 silly REMOVE node_modules/npm/node_modules/wrap-ansi-cjs/node_modules/ansi-styles
68 silly REMOVE node_modules/npm/node_modules/wrap-ansi
69 silly REMOVE node_modules/npm/node_modules/wrap-ansi/node_modules/strip-ansi
70 silly REMOVE node_modules/npm/node_modules/wrap-ansi/node_modules/string-width
71 silly REMOVE node_modules/npm/node_modules/wrap-ansi/node_modules/emoji-regex
72 silly REMOVE node_modules/npm/node_modules/wrap-ansi/node_modules/ansi-regex
73 silly REMOVE node_modules/npm/node_modules/yallist
74 silly CHANGE node_modules/npm/node_modules/write-file-atomic
75 silly CHANGE node_modules/npm/node_modules/which
76 silly CHANGE node_modules/npm/node_modules/which/node_modules/isexe
77 silly REMOVE node_modules/npm/node_modules/spdx-expression-parse
78 silly REMOVE node_modules/npm/node_modules/walk-up-path
79 silly REMOVE node_modules/npm/node_modules/tiny-relative-date
80 silly CHANGE node_modules/npm/node_modules/validate-npm-package-name
81 silly REMOVE node_modules/npm/node_modules/treeverse
82 silly REMOVE node_modules/npm/node_modules/util-deprecate
83 silly REMOVE node_modules/npm/node_modules/unique-slug
84 silly REMOVE node_modules/npm/node_modules/strip-ansi-cjs
85 silly CHANGE node_modules/npm/node_modules/unique-filename
86 silly REMOVE node_modules/npm/node_modules/tuf-js
87 silly REMOVE node_modules/npm/node_modules/tuf-js/node_modules/@npmcli/fs
88 silly REMOVE node_modules/npm/node_modules/tuf-js/node_modules/@npmcli/agent
89 silly REMOVE node_modules/npm/node_modules/tuf-js/node_modules/unique-slug
90 silly REMOVE node_modules/npm/node_modules/tuf-js/node_modules/unique-filename
91 silly REMOVE node_modules/npm/node_modules/tuf-js/node_modules/ssri
92 silly REMOVE node_modules/npm/node_modules/tuf-js/node_modules/proc-log
93 silly REMOVE node_modules/npm/node_modules/tuf-js/node_modules/minipass-fetch
94 silly REMOVE node_modules/npm/node_modules/tuf-js/node_modules/make-fetch-happen
95 silly REMOVE node_modules/npm/node_modules/tuf-js/node_modules/cacache
96 silly REMOVE node_modules/npm/node_modules/spdx-license-ids
97 silly CHANGE node_modules/npm/node_modules/strip-ansi
98 silly REMOVE node_modules/npm/node_modules/supports-color
99 silly CHANGE node_modules/npm/node_modules/tar
100 silly REMOVE node_modules/npm/node_modules/tar/node_modules/minipass
101 silly REMOVE node_modules/npm/node_modules/tar/node_modules/fs-minipass
102 silly REMOVE node_modules/npm/node_modules/tar/node_modules/fs-minipass/node_modules/minipass
103 silly REMOVE node_modules/npm/node_modules/string-width
104 silly REMOVE node_modules/npm/node_modules/string-width-cjs
105 silly REMOVE node_modules/npm/node_modules/spdx-correct
106 silly REMOVE node_modules/npm/node_modules/spdx-correct/node_modules/spdx-expression-parse
107 silly CHANGE node_modules/npm/node_modules/rimraf
108 silly REMOVE node_modules/npm/node_modules/spdx-exceptions
109 silly REMOVE node_modules/npm/node_modules/qrcode-terminal
110 silly REMOVE node_modules/npm/node_modules/ssri
111 silly REMOVE node_modules/npm/node_modules/shebang-regex
112 silly REMOVE node_modules/npm/node_modules/sprintf-js
113 silly REMOVE node_modules/npm/node_modules/shebang-command
114 silly REMOVE node_modules/npm/node_modules/socks-proxy-agent
115 silly REMOVE node_modules/npm/node_modules/socks
116 silly REMOVE node_modules/npm/node_modules/smart-buffer
117 silly REMOVE node_modules/npm/node_modules/sigstore
118 silly REMOVE node_modules/npm/node_modules/signal-exit
119 silly CHANGE node_modules/npm/node_modules/semver
120 silly REMOVE node_modules/npm/node_modules/safer-buffer
121 silly CHANGE node_modules/npm/node_modules/read
122 silly REMOVE node_modules/npm/node_modules/promzard
123 silly CHANGE node_modules/npm/node_modules/retry
124 silly REMOVE node_modules/npm/node_modules/read-package-json-fast
125 silly CHANGE node_modules/npm/node_modules/read-cmd-shim
126 silly REMOVE node_modules/npm/node_modules/package-json-from-dist
127 silly REMOVE node_modules/npm/node_modules/path-key
128 silly REMOVE node_modules/npm/node_modules/promise-retry
129 silly REMOVE node_modules/npm/node_modules/promise-inflight
130 silly REMOVE node_modules/npm/node_modules/promise-call-limit
131 silly REMOVE node_modules/npm/node_modules/promise-all-reject-late
132 silly REMOVE node_modules/npm/node_modules/proggy
133 silly CHANGE node_modules/npm/node_modules/npm-user-validate
134 silly REMOVE node_modules/npm/node_modules/proc-log
135 silly REMOVE node_modules/npm/node_modules/postcss-selector-parser
136 silly REMOVE node_modules/npm/node_modules/path-scurry
137 silly REMOVE node_modules/npm/node_modules/parse-conflict-json
138 silly REMOVE node_modules/npm/node_modules/npm-profile
139 silly REMOVE node_modules/npm/node_modules/pacote
140 silly CHANGE node_modules/npm/node_modules/normalize-package-data
141 silly REMOVE node_modules/npm/node_modules/p-map
142 silly REMOVE node_modules/npm/node_modules/mute-stream
143 silly REMOVE node_modules/npm/node_modules/npm-registry-fetch
144 silly REMOVE node_modules/npm/node_modules/npm-registry-fetch/node_modules/minizlib
145 silly REMOVE node_modules/npm/node_modules/npm-pick-manifest
146 silly REMOVE node_modules/npm/node_modules/npm-packlist
147 silly CHANGE node_modules/npm/node_modules/npm-package-arg
148 silly REMOVE node_modules/npm/node_modules/npm-normalize-package-bin
149 silly REMOVE node_modules/npm/node_modules/libnpmteam
150 silly CHANGE node_modules/npm/node_modules/npm-install-checks
151 silly REMOVE node_modules/npm/node_modules/npm-bundled
152 silly REMOVE node_modules/npm/node_modules/npm-audit-report
153 silly CHANGE node_modules/npm/node_modules/nopt
154 silly REMOVE node_modules/npm/node_modules/nopt/node_modules/abbrev
155 silly REMOVE node_modules/npm/node_modules/libnpmversion
156 silly CHANGE node_modules/npm/node_modules/node-gyp
157 silly REMOVE node_modules/npm/node_modules/node-gyp/node_modules/@npmcli/agent
158 silly REMOVE node_modules/npm/node_modules/node-gyp/node_modules/@npmcli/fs
159 silly REMOVE node_modules/npm/node_modules/node-gyp/node_modules/which
160 silly REMOVE node_modules/npm/node_modules/node-gyp/node_modules/unique-slug
161 silly REMOVE node_modules/npm/node_modules/node-gyp/node_modules/unique-filename
162 silly REMOVE node_modules/npm/node_modules/node-gyp/node_modules/proc-log
163 silly REMOVE node_modules/npm/node_modules/node-gyp/node_modules/nopt
164 silly REMOVE node_modules/npm/node_modules/node-gyp/node_modules/ssri
165 silly REMOVE node_modules/npm/node_modules/node-gyp/node_modules/minipass-fetch
166 silly REMOVE node_modules/npm/node_modules/node-gyp/node_modules/make-fetch-happen
167 silly REMOVE node_modules/npm/node_modules/node-gyp/node_modules/isexe
168 silly REMOVE node_modules/npm/node_modules/node-gyp/node_modules/cacache
169 silly REMOVE node_modules/npm/node_modules/node-gyp/node_modules/abbrev
170 silly REMOVE node_modules/npm/node_modules/negotiator
171 silly REMOVE node_modules/npm/node_modules/ms
172 silly CHANGE node_modules/npm/node_modules/mkdirp
173 silly REMOVE node_modules/npm/node_modules/minizlib
174 silly REMOVE node_modules/npm/node_modules/minizlib/node_modules/minipass
175 silly REMOVE node_modules/npm/node_modules/minipass-sized
176 silly REMOVE node_modules/npm/node_modules/minipass-sized/node_modules/minipass
177 silly REMOVE node_modules/npm/node_modules/minipass-flush
178 silly REMOVE node_modules/npm/node_modules/minipass-flush/node_modules/minipass
179 silly REMOVE node_modules/npm/node_modules/minipass-pipeline
180 silly REMOVE node_modules/npm/node_modules/minipass-pipeline/node_modules/minipass
181 silly REMOVE node_modules/npm/node_modules/minipass-collect
182 silly REMOVE node_modules/npm/node_modules/minipass-fetch
183 silly REMOVE node_modules/npm/node_modules/minipass-fetch/node_modules/minizlib
184 silly REMOVE node_modules/npm/node_modules/minipass
185 silly REMOVE node_modules/npm/node_modules/minimatch
186 silly REMOVE node_modules/npm/node_modules/make-fetch-happen
187 silly REMOVE node_modules/npm/node_modules/libnpmsearch
188 silly REMOVE node_modules/npm/node_modules/lru-cache
189 silly REMOVE node_modules/npm/node_modules/libnpmpublish
190 silly REMOVE node_modules/npm/node_modules/libnpmpack
191 silly REMOVE node_modules/npm/node_modules/libnpmhook
192 silly REMOVE node_modules/npm/node_modules/libnpmorg
193 silly REMOVE node_modules/npm/node_modules/libnpmexec
194 silly REMOVE node_modules/npm/node_modules/libnpmdiff
195 silly REMOVE node_modules/npm/node_modules/libnpmaccess
196 silly REMOVE node_modules/npm/node_modules/libnpmfund
197 silly REMOVE node_modules/npm/node_modules/isexe
198 silly REMOVE node_modules/npm/node_modules/jackspeak
199 silly REMOVE node_modules/npm/node_modules/just-diff-apply
200 silly REMOVE node_modules/npm/node_modules/just-diff
201 silly REMOVE node_modules/npm/node_modules/jsonparse
202 silly REMOVE node_modules/npm/node_modules/json-stringify-nice
203 silly REMOVE node_modules/npm/node_modules/is-lambda
204 silly REMOVE node_modules/npm/node_modules/is-cidr
205 silly REMOVE node_modules/npm/node_modules/json-parse-even-better-errors
206 silly REMOVE node_modules/npm/node_modules/jsbn
207 silly REMOVE node_modules/npm/node_modules/is-fullwidth-code-point
208 silly REMOVE node_modules/npm/node_modules/ip-regex
209 silly CHANGE node_modules/npm/node_modules/init-package-json
210 silly REMOVE node_modules/npm/node_modules/fastest-levenshtein
211 silly REMOVE node_modules/npm/node_modules/foreground-child
212 silly REMOVE node_modules/npm/node_modules/ip-address
213 silly CHANGE node_modules/npm/node_modules/ini
214 silly REMOVE node_modules/npm/node_modules/indent-string
215 silly REMOVE node_modules/npm/node_modules/ignore-walk
216 silly REMOVE node_modules/npm/node_modules/iconv-lite
217 silly REMOVE node_modules/npm/node_modules/https-proxy-agent
218 silly REMOVE node_modules/npm/node_modules/http-proxy-agent
219 silly REMOVE node_modules/npm/node_modules/http-cache-semantics
220 silly REMOVE node_modules/npm/node_modules/exponential-backoff
221 silly CHANGE node_modules/npm/node_modules/hosted-git-info
222 silly CHANGE node_modules/npm/node_modules/graceful-fs
223 silly REMOVE node_modules/npm/node_modules/env-paths
224 silly CHANGE node_modules/npm/node_modules/glob
225 silly REMOVE node_modules/npm/node_modules/emoji-regex
226 silly REMOVE node_modules/npm/node_modules/cross-spawn
227 silly REMOVE node_modules/npm/node_modules/cross-spawn/node_modules/which
228 silly REMOVE node_modules/npm/node_modules/fs-minipass
229 silly REMOVE node_modules/npm/node_modules/err-code
230 silly REMOVE node_modules/npm/node_modules/color-name
231 silly REMOVE node_modules/npm/node_modules/color-convert
232 silly REMOVE node_modules/npm/node_modules/encoding
233 silly REMOVE node_modules/npm/node_modules/diff
234 silly REMOVE node_modules/npm/node_modules/eastasianwidth
235 silly REMOVE node_modules/npm/node_modules/debug
236 silly REMOVE node_modules/npm/node_modules/debug/node_modules/ms
237 silly REMOVE node_modules/npm/node_modules/cssesc
238 silly REMOVE node_modules/npm/node_modules/cli-columns
239 silly REMOVE node_modules/npm/node_modules/cidr-regex
240 silly REMOVE node_modules/npm/node_modules/common-ancestor-path
241 silly CHANGE node_modules/npm/node_modules/cmd-shim
242 silly REMOVE node_modules/npm/node_modules/clean-stack
243 silly REMOVE node_modules/npm/node_modules/ci-info
244 silly REMOVE node_modules/npm/node_modules/binary-extensions
245 silly CHANGE node_modules/npm/node_modules/chownr
246 silly REMOVE node_modules/npm/node_modules/chalk
247 silly REMOVE node_modules/npm/node_modules/cacache
248 silly REMOVE node_modules/npm/node_modules/cacache/node_modules/p-map
249 silly REMOVE node_modules/npm/node_modules/cacache/node_modules/mkdirp
250 silly REMOVE node_modules/npm/node_modules/cacache/node_modules/chownr
251 silly REMOVE node_modules/npm/node_modules/cacache/node_modules/yallist
252 silly REMOVE node_modules/npm/node_modules/cacache/node_modules/tar
253 silly REMOVE node_modules/npm/node_modules/cacache/node_modules/minizlib
254 silly REMOVE node_modules/npm/node_modules/brace-expansion
255 silly CHANGE node_modules/npm/node_modules/aproba
256 silly REMOVE node_modules/npm/node_modules/bin-links
257 silly REMOVE node_modules/npm/node_modules/ansi-styles
258 silly CHANGE node_modules/npm/node_modules/ansi-regex
259 silly REMOVE node_modules/npm/node_modules/balanced-match
260 silly REMOVE node_modules/npm/node_modules/aggregate-error
261 silly REMOVE node_modules/npm/node_modules/agent-base
262 silly CHANGE node_modules/npm/node_modules/abbrev
263 verbose cwd C:\Users\rab1234
264 verbose os Windows_NT 10.0.22631
265 verbose node v20.18.0
266 verbose npm  v10.9.0
267 verbose exit 0
268 info ok
